[21-Nov-2024 20:07:24 UTC] Cron reschedule event error for hook: wp_privacy_delete_old_export_files, Error code: could_not_set, Error message: The cron event list could not be saved., Data: {"schedule":"hourly","args":[],"interval":3600}
[29-Nov-2024 16:39:14 UTC] PHP Fatal error:  Uncaught Error: Call to undefined method ElementorPro\License\Admin::get_installed_time() in C:\Users\smpro\Local Sites\portfolio\app\public\wp-content\plugins\pro-elements\modules\usage\module.php:157
Stack trace:
#0 C:\Users\smpro\Local Sites\portfolio\app\public\wp-includes\class-wp-hook.php(324): ElementorPro\Modules\Usage\Module->add_tracking_data(Array)
#1 C:\Users\smpro\Local Sites\portfolio\app\public\wp-includes\plugin.php(205): WP_Hook->apply_filters(Array, Array)
#2 C:\Users\smpro\Local Sites\portfolio\app\public\wp-content\plugins\elementor\includes\tracker.php(573): apply_filters('elementor/track...', Array)
#3 C:\Users\smpro\Local Sites\portfolio\app\public\wp-content\plugins\elementor\includes\tracker.php(141): Elementor\Tracker::get_tracking_data(false)
#4 C:\Users\smpro\Local Sites\portfolio\app\public\wp-includes\class-wp-hook.php(324): Elementor\Tracker::send_tracking_data()
#5 C:\Users\smpro\Local Sites\portfolio\app\public\wp-includes\class-wp-hook.php(348): WP_Hook->apply_filters('', Array)
#6 C:\Users\smpro\Local Sites\portfolio\app\public\wp-includes\plugin.php(565): WP_Hook->do_action(Array)
#7 C:\Users\smpro\Local Sites\portfolio\app\public\wp-cron.php(191): do_action_ref_array('elementor/track...', Array)
#8 {main}
  thrown in C:\Users\smpro\Local Sites\portfolio\app\public\wp-content\plugins\pro-elements\modules\usage\module.php on line 157
[14-Dec-2024 16:51:28 UTC] PHP Fatal error:  Uncaught Error: Call to undefined method ElementorPro\License\Admin::get_installed_time() in C:\Users\smpro\Local Sites\portfolio\app\public\wp-content\plugins\pro-elements\modules\usage\module.php:157
Stack trace:
#0 C:\Users\smpro\Local Sites\portfolio\app\public\wp-includes\class-wp-hook.php(324): ElementorPro\Modules\Usage\Module->add_tracking_data(Array)
#1 C:\Users\smpro\Local Sites\portfolio\app\public\wp-includes\plugin.php(205): WP_Hook->apply_filters(Array, Array)
#2 C:\Users\smpro\Local Sites\portfolio\app\public\wp-content\plugins\elementor\includes\tracker.php(573): apply_filters('elementor/track...', Array)
#3 C:\Users\smpro\Local Sites\portfolio\app\public\wp-content\plugins\elementor\includes\tracker.php(141): Elementor\Tracker::get_tracking_data(false)
#4 C:\Users\smpro\Local Sites\portfolio\app\public\wp-includes\class-wp-hook.php(324): Elementor\Tracker::send_tracking_data()
#5 C:\Users\smpro\Local Sites\portfolio\app\public\wp-includes\class-wp-hook.php(348): WP_Hook->apply_filters('', Array)
#6 C:\Users\smpro\Local Sites\portfolio\app\public\wp-includes\plugin.php(565): WP_Hook->do_action(Array)
#7 C:\Users\smpro\Local Sites\portfolio\app\public\wp-cron.php(191): do_action_ref_array('elementor/track...', Array)
#8 {main}
  thrown in C:\Users\smpro\Local Sites\portfolio\app\public\wp-content\plugins\pro-elements\modules\usage\module.php on line 157
[14-Dec-2024 17:21:52 UTC] PHP Warning:  Undefined array key "editor_post_id" in C:\Users\smpro\Local Sites\portfolio\app\public\wp-content\plugins\pro-elements\modules\theme-builder\classes\conditions-manager.php on line 182
[14-Dec-2024 17:21:52 UTC] PHP Warning:  Undefined array key "editor_post_id" in C:\Users\smpro\Local Sites\portfolio\app\public\wp-content\plugins\elementor\modules\history\revisions-manager.php on line 363
